<?xml version="1.0" encoding="UTF-8"?>
<!-- Generated by org.testng.reporters.JUnitReportReporter -->
<testsuite hostname="MSDT116" failures="0" tests="4" name="tests.LoginPage" time="6.907" errors="0" timestamp="15 Feb 2022 10:25:23 GMT">
  <testcase classname="tests.LoginPage" name="loginGlitch" time="5.510"/>
  <testcase classname="tests.LoginPage" name="loginPro" time="0.359"/>
  <testcase classname="tests.LoginPage" name="loginStd" time="0.635"/>
  <testcase classname="tests.LoginPage" name="loginLock" time="0.403"/>
</testsuite> <!-- tests.LoginPage -->
