<?xml version="1.0" encoding="UTF-8"?>
<!-- Generated by org.testng.reporters.JUnitReportReporter -->
<testsuite hostname="MSDT116" failures="0" tests="26" name="tests.HomeTest" time="20.727" errors="0" timestamp="15 Feb 2022 10:25:23 GMT">
  <testcase classname="tests.HomeTest" name="checkLink4" time="0.224"/>
  <testcase classname="tests.HomeTest" name="checkingFilter4" time="0.163"/>
  <testcase classname="tests.HomeTest" name="checkTwitter" time="1.468"/>
  <testcase classname="tests.HomeTest" name="checkCart3" time="0.093"/>
  <testcase classname="tests.HomeTest" name="checkCart4" time="0.128"/>
  <testcase classname="tests.HomeTest" name="checkPic4" time="0.130"/>
  <testcase classname="tests.HomeTest" name="checkLinkedIn" time="1.635"/>
  <testcase classname="tests.HomeTest" name="checkPic6" time="0.139"/>
  <testcase classname="tests.HomeTest" name="checkingFilter2" time="0.210"/>
  <testcase classname="tests.HomeTest" name="checkCart1" time="0.186"/>
  <testcase classname="tests.HomeTest" name="checkPic2" time="0.209"/>
  <testcase classname="tests.HomeTest" name="checkingFilter3" time="0.203"/>
  <testcase classname="tests.HomeTest" name="checkLink6" time="0.244"/>
  <testcase classname="tests.HomeTest" name="loginStd" time="0.372"/>
  <testcase classname="tests.HomeTest" name="checkCart2" time="0.175"/>
  <testcase classname="tests.HomeTest" name="checkFacebook" time="1.335"/>
  <testcase classname="tests.HomeTest" name="checkLink2" time="0.378"/>
  <testcase classname="tests.HomeTest" name="checkCart5" time="0.349"/>
  <testcase classname="tests.HomeTest" name="checkLink5" time="0.188"/>
  <testcase classname="tests.HomeTest" name="checkPic5" time="0.140"/>
  <testcase classname="tests.HomeTest" name="checkCart6" time="0.091"/>
  <testcase classname="tests.HomeTest" name="checkLink3" time="0.245"/>
  <testcase classname="tests.HomeTest" name="checkPic1" time="0.301"/>
  <testcase classname="tests.HomeTest" name="checkPic3" time="0.146"/>
  <testcase classname="tests.HomeTest" name="checkingFilter1" time="11.350"/>
  <testcase classname="tests.HomeTest" name="checkLink1" time="0.625"/>
</testsuite> <!-- tests.HomeTest -->
